  CornersBoard.cpp
C:\Users\yomvol\Desktop\ргр 2\CW_Corners\Coursework-Game\Corners_3x3\CornersBoard.cpp(7,29): warning C4018: '<': signed/unsigned mismatch
C:\Users\yomvol\Desktop\ргр 2\CW_Corners\Coursework-Game\Corners_3x3\CornersBoard.cpp(9,29): warning C4018: '<': signed/unsigned mismatch
C:\Users\yomvol\Desktop\ргр 2\CW_Corners\Coursework-Game\Corners_3x3\CornersBoard.cpp(10,30): warning C4018: '<': signed/unsigned mismatch
C:\Users\yomvol\Desktop\ргр 2\CW_Corners\Coursework-Game\Corners_3x3\CornersBoard.cpp(13,30): warning C4018: '<': signed/unsigned mismatch
C:\Users\yomvol\Desktop\ргр 2\CW_Corners\Coursework-Game\Corners_3x3\CornersBoard.cpp(15,29): warning C4018: '<': signed/unsigned mismatch
C:\Users\yomvol\Desktop\ргр 2\CW_Corners\Coursework-Game\Corners_3x3\CornersBoard.cpp(23,29): warning C4018: '<': signed/unsigned mismatch
C:\Users\yomvol\Desktop\ргр 2\CW_Corners\Coursework-Game\Corners_3x3\CornersBoard.cpp(25,29): warning C4018: '<': signed/unsigned mismatch
C:\Users\yomvol\Desktop\ргр 2\CW_Corners\Coursework-Game\Corners_3x3\CornersBoard.cpp(26,30): warning C4018: '<': signed/unsigned mismatch
C:\Users\yomvol\Desktop\ргр 2\CW_Corners\Coursework-Game\Corners_3x3\CornersBoard.cpp(32,29): warning C4018: '<': signed/unsigned mismatch
C:\Users\yomvol\Desktop\ргр 2\CW_Corners\Coursework-Game\Corners_3x3\CornersBoard.cpp(44,29): warning C4018: '<': signed/unsigned mismatch
C:\Users\yomvol\Desktop\ргр 2\CW_Corners\Coursework-Game\Corners_3x3\CornersBoard.cpp(47,30): warning C4018: '<': signed/unsigned mismatch
C:\Users\yomvol\Desktop\ргр 2\CW_Corners\Coursework-Game\Corners_3x3\CornersBoard.cpp(118,29): warning C4018: '<': signed/unsigned mismatch
C:\Users\yomvol\Desktop\ргр 2\CW_Corners\Coursework-Game\Corners_3x3\CornersBoard.cpp(129,30): warning C4018: '<': signed/unsigned mismatch
C:\Users\yomvol\Desktop\ргр 2\CW_Corners\Coursework-Game\Corners_3x3\CornersBoard.cpp(139,30): warning C4018: '<': signed/unsigned mismatch
C:\Users\yomvol\Desktop\ргр 2\CW_Corners\Coursework-Game\Corners_3x3\CornersBoard.cpp(148,29): warning C4018: '<': signed/unsigned mismatch
C:\Users\yomvol\Desktop\ргр 2\CW_Corners\Coursework-Game\Corners_3x3\CornersBoard.cpp(159,29): warning C4018: '<': signed/unsigned mismatch
C:\Users\yomvol\Desktop\ргр 2\CW_Corners\Coursework-Game\Corners_3x3\CornersBoard.cpp(160,30): warning C4018: '<': signed/unsigned mismatch
C:\Users\yomvol\Desktop\ргр 2\CW_Corners\Coursework-Game\Corners_3x3\CornersBoard.cpp(172,6): warning C4101: 'code': unreferenced local variable
C:\Users\yomvol\Desktop\ргр 2\CW_Corners\Coursework-Game\Corners_3x3\CornersBoard.cpp(167): warning C4172: returning address of local variable or temporary: piecesCoords
  CornersComputerPlayer.cpp
C:\Users\yomvol\Desktop\ргр 2\CW_Corners\Coursework-Game\Corners_3x3\CornersComputerPlayer.cpp(152,15): warning C4101: 'Picked': unreferenced local variable
  CornersHumanPlayer.cpp
  CornersManager.cpp
  CornersMonteCarloEvaluator.cpp
  CornersPlayer.cpp
  CornersRandomPlayer.cpp
  Corners_3x3.cpp
C:\Users\yomvol\Desktop\ргр 2\CW_Corners\Coursework-Game\Corners_3x3\Corners_3x3.cpp(6,15): warning C4244: 'argument': conversion from 'time_t' to 'unsigned int', possible loss of data
  Corners_3x3.vcxproj -> C:\Users\yomvol\Desktop\ргр 2\CW_Corners\Coursework-Game\x64\Debug\Corners_3x3.exe
